#
# An unexpected error has been detected by Java Runtime Environment:
#
#  EXCEPTION_ACCESS_VIOLATION (0xc0000005) at pc=0x6d8dc347, pid=4888, tid=2668
#
# Java VM: Java HotSpot(TM) Client VM (1.6.0_03-b05 mixed mode)
# Problematic frame:
# V  [jvm.dll+0x11c347]
#
# If you would like to submit a bug report, please visit:
#   http://java.sun.com/webapps/bugreport/crash.jsp
#

---------------  T H R E A D  ---------------

Current thread (0x0c533400):  VMThread [id=2668]

siginfo: ExceptionCode=0xc0000005, reading address 0x00000000

Registers:
EAX=0x00000000, EBX=0x084439e0, ECX=0x0ccf8aa8, EDX=0x0c533b38
ESP=0x0c64fda4, EBP=0x0c533f1c, ESI=0x0c531e80, EDI=0x0c533728
EIP=0x6d8dc347, EFLAGS=0x00010202

Top of Stack: (sp=0x0c64fda4)
0x0c64fda4:   0c98f9fc 0c557978 0ccfe818 0c557b28
0x0c64fdb4:   0c64ff2c 08444028 084439e0 0c98f9fc
0x0c64fdc4:   0c531e80 0c533728 0c533730 0c533b1c
0x0c64fdd4:   00000014 00000001 6d90a636 00000014
0x0c64fde4:   0ccfe758 00000001 0c533400 009acdc8
0x0c64fdf4:   0c533b28 0c533b34 0c533f1c 0c64feb8
0x0c64fe04:   0ccf8aa8 6d8dcc07 6d8ff800 0c531e80
0x0c64fe14:   0c533730 0c98f9b4 0c533728 6d8dcc3f 

Instructions: (pc=0x6d8dc347)
0x6d8dc337:   e8 44 02 f9 ff 85 c0 0f 84 3f 01 00 00 8b 40 04
0x6d8dc347:   8b 08 49 0f 88 1e 01 00 00 8b 40 0c 8d 14 88 8b 


Stack: [0x0c600000,0x0c650000),  sp=0x0c64fda4,  free space=319k
Native frames: (J=compiled Java code, j=interpreted, Vv=VM code, C=native code)
V  [jvm.dll+0x11c347]

VM_Operation (0x0c98f9b4): change breakpoints, mode: safepoint, requested by thread 0x0c558c00


---------------  P R O C E S S  ---------------

Java Threads: ( => current thread )
  0x0cce9400 JavaThread "AWT-EventQueue-0" [_thread_blocked, id=14712]
  0x0cc9ac00 JavaThread "AWT-Windows" daemon [_thread_in_native, id=10964]
  0x0c5b2800 JavaThread "AWT-Shutdown" [_thread_blocked, id=7976]
  0x0c5b2000 JavaThread "Java2D Disposer" daemon [_thread_blocked, id=16472]
  0x0c56a800 JavaThread "Low Memory Detector" daemon [_thread_blocked, id=2516]
  0x0c56a000 JavaThread "CompilerThread0" daemon [_thread_blocked, id=11048]
  0x0c55ac00 JavaThread "JDWP Command Reader" daemon [_thread_in_native, id=1088]
  0x0c55a400 JavaThread "JDWP Event Helper Thread" daemon [_thread_blocked, id=16760]
  0x0c558c00 JavaThread "JDWP Transport Listener: dt_socket" daemon [_thread_blocked, id=15952]
  0x0c54e000 JavaThread "Attach Listener" daemon [_thread_blocked, id=20128]
  0x0c54d800 JavaThread "Signal Dispatcher" daemon [_thread_blocked, id=13480]
  0x0c53c800 JavaThread "Finalizer" daemon [_thread_blocked, id=20232]
  0x0c537c00 JavaThread "Reference Handler" daemon [_thread_blocked, id=7504]
  0x009a8c00 JavaThread "main" [_thread_blocked, id=4492]

Other Threads:
=>0x0c533400 VMThread [id=2668]
  0x0c573400 WatcherThread [id=20452]

VM state:at safepoint (normal execution)

VM Mutex/Monitor currently owned by a thread:  ([mutex/lock_event])
[0x009a7658/0x000001b4] Threads_lock - owner thread: 0x0c533400

Heap
 def new generation   total 960K, used 101K [0x04440000, 0x04540000, 0x04920000)
  eden space 896K,   4% used [0x04440000, 0x04449448, 0x04520000)
  from space 64K, 100% used [0x04530000, 0x04540000, 0x04540000)
  to   space 64K,   0% used [0x04520000, 0x04520000, 0x04530000)
 tenured generation   total 4096K, used 3849K [0x04920000, 0x04d20000, 0x08440000)
   the space 4096K,  93% used [0x04920000, 0x04ce26e0, 0x04ce2800, 0x04d20000)
 compacting perm gen  total 12288K, used 5721K [0x08440000, 0x09040000, 0x0c440000)
   the space 12288K,  46% used [0x08440000, 0x089d6450, 0x089d6600, 0x09040000)
No shared spaces configured.

Dynamic libraries:
0x00400000 - 0x00423000 	C:\Users\eladp\eclipseIDE\jre\bin\javaw.exe
0x77a10000 - 0x77bb3000 	C:\Windows\SYSTEM32\ntdll.dll
0x758d0000 - 0x759c0000 	C:\Windows\System32\KERNEL32.DLL
0x75cb0000 - 0x75ec4000 	C:\Windows\System32\KERNELBASE.dll
0x76160000 - 0x761da000 	C:\Windows\System32\ADVAPI32.dll
0x75f30000 - 0x75fef000 	C:\Windows\System32\msvcrt.dll
0x764b0000 - 0x76525000 	C:\Windows\System32\sechost.dll
0x76210000 - 0x762cf000 	C:\Windows\System32\RPCRT4.dll
0x75a10000 - 0x75bb0000 	C:\Windows\System32\USER32.dll
0x76490000 - 0x764a8000 	C:\Windows\System32\win32u.dll
0x76810000 - 0x76834000 	C:\Windows\System32\GDI32.dll
0x77280000 - 0x7735e000 	C:\Windows\System32\gdi32full.dll
0x77980000 - 0x779fb000 	C:\Windows\System32\msvcp_win.dll
0x762d0000 - 0x763f0000 	C:\Windows\System32\ucrtbase.dll
0x761e0000 - 0x76205000 	C:\Windows\System32\IMM32.DLL
0x7c340000 - 0x7c396000 	C:\Users\eladp\eclipseIDE\jre\bin\msvcr71.dll
0x6d7c0000 - 0x6da0a000 	C:\Users\eladp\eclipseIDE\jre\bin\client\jvm.dll
0x6ca60000 - 0x6ca88000 	C:\Windows\SYSTEM32\WINMM.dll
0x6d310000 - 0x6d318000 	C:\Users\eladp\eclipseIDE\jre\bin\hpi.dll
0x766c0000 - 0x766c6000 	C:\Windows\System32\PSAPI.DLL
0x6d400000 - 0x6d429000 	C:\Users\eladp\eclipseIDE\jre\bin\jdwp.dll
0x6d6c0000 - 0x6d6c6000 	C:\Users\eladp\eclipseIDE\jre\bin\npt.dll
0x6d770000 - 0x6d77c000 	C:\Users\eladp\eclipseIDE\jre\bin\verify.dll
0x6d3b0000 - 0x6d3cf000 	C:\Users\eladp\eclipseIDE\jre\bin\java.dll
0x6d7b0000 - 0x6d7bf000 	C:\Users\eladp\eclipseIDE\jre\bin\zip.dll
0x6d280000 - 0x6d287000 	C:\Users\eladp\eclipseIDE\jre\bin\dt_socket.dll
0x771a0000 - 0x77203000 	C:\Windows\System32\WS2_32.dll
0x656f0000 - 0x65701000 	C:\Windows\system32\napinsp.dll
0x656d0000 - 0x656e6000 	C:\Windows\system32\pnrpnsp.dll
0x656c0000 - 0x656d0000 	C:\Windows\system32\wshbth.dll
0x656a0000 - 0x656b6000 	C:\Windows\system32\NLAapi.dll
0x754d0000 - 0x75502000 	C:\Windows\SYSTEM32\IPHLPAPI.DLL
0x75470000 - 0x754c2000 	C:\Windows\System32\mswsock.dll
0x70f40000 - 0x70fd1000 	C:\Windows\SYSTEM32\DNSAPI.dll
0x75bb0000 - 0x75bb7000 	C:\Windows\System32\NSI.dll
0x65690000 - 0x6569e000 	C:\Windows\System32\winrnr.dll
0x6b340000 - 0x6b398000 	C:\Windows\System32\fwpuclnt.dll
0x76ef0000 - 0x76f09000 	C:\Windows\System32\bcrypt.dll
0x6dc50000 - 0x6dc58000 	C:\Windows\System32\rasadhlp.dll
0x6d000000 - 0x6d1c3000 	C:\Users\eladp\eclipseIDE\jre\bin\awt.dll
0x766d0000 - 0x767b3000 	C:\Windows\System32\ole32.dll
0x76f10000 - 0x77191000 	C:\Windows\System32\combase.dll
0x0ce60000 - 0x0ced2000 	C:\Windows\SYSTEM32\WINSPOOL.DRV
0x6e7e0000 - 0x6e87f000 	C:\Windows\SYSTEM32\apphelp.dll
0x5e9a0000 - 0x5ebf2000 	C:\Windows\SYSTEM32\AcGenral.DLL
0x759c0000 - 0x75a05000 	C:\Windows\System32\SHLWAPI.dll
0x763f0000 - 0x76486000 	C:\Windows\System32\OLEAUT32.dll
0x76930000 - 0x76ee6000 	C:\Windows\System32\SHELL32.dll
0x6dbc0000 - 0x6dc34000 	C:\Windows\SYSTEM32\UxTheme.dll
0x6a560000 - 0x6a575000 	C:\Windows\SYSTEM32\samcli.dll
0x5e980000 - 0x5e999000 	C:\Windows\SYSTEM32\MSACM32.dll
0x751f0000 - 0x751f8000 	C:\Windows\SYSTEM32\VERSION.dll
0x6de60000 - 0x6de85000 	C:\Windows\SYSTEM32\USERENV.dll
0x64430000 - 0x64456000 	C:\Windows\SYSTEM32\dwmapi.dll
0x6db90000 - 0x6dba9000 	C:\Windows\SYSTEM32\MPR.dll
0x6eec0000 - 0x6f068000 	C:\Windows\SYSTEM32\urlmon.dll
0x6e8b0000 - 0x6e8d1000 	C:\Windows\SYSTEM32\SspiCli.dll
0x5e960000 - 0x5e97d000 	C:\Windows\SYSTEM32\winmmbase.dll
0x6ec60000 - 0x6ee8b000 	C:\Windows\SYSTEM32\iertutil.dll
0x6ee90000 - 0x6eead000 	C:\Windows\SYSTEM32\srvcli.dll
0x75bc0000 - 0x75c47000 	C:\Windows\System32\SHCORE.DLL
0x6eeb0000 - 0x6eebb000 	C:\Windows\SYSTEM32\netutils.dll
0x6d2b0000 - 0x6d303000 	C:\Users\eladp\eclipseIDE\jre\bin\fontmanager.dll
0x77360000 - 0x77434000 	C:\Windows\System32\MSCTF.dll
0x75200000 - 0x7520f000 	C:\Windows\SYSTEM32\kernel.appcore.dll
0x768d0000 - 0x7692f000 	C:\Windows\System32\bcryptPrimitives.dll
0x6f970000 - 0x6fa29000 	C:\Windows\SYSTEM32\textinputframework.dll
0x6b3a0000 - 0x6b61e000 	C:\Windows\System32\CoreUIComponents.dll
0x6b620000 - 0x6b6bb000 	C:\Windows\System32\CoreMessaging.dll
0x752a0000 - 0x752c9000 	C:\Windows\SYSTEM32\ntmarta.dll
0x0dbf0000 - 0x0dccb000 	C:\Windows\SYSTEM32\wintypes.dll

VM Arguments:
jvm_args: -Xbootclasspath:C:\Users\eladp\eclipseIDE\jre\lib\resources.jar;C:\Users\eladp\eclipseIDE\jre\lib\rt.jar;C:\Users\eladp\eclipseIDE\jre\lib\jsse.jar;C:\Users\eladp\eclipseIDE\jre\lib\jce.jar;C:\Users\eladp\eclipseIDE\jre\lib\charsets.jar;C:\Users\eladp\Unit4\HelpFiles\unit4.jar -agentlib:jdwp=transport=dt_socket,suspend=y,address=localhost:50677
java_command: GUI.Main
Launcher Type: SUN_STANDARD

Environment Variables:
PATH=C:\Program Files (x86)\Common Files\Oracle\Java\javapath;C:\Windows\system32;C:\Windows;C:\Windows\System32\Wbem;C:\Windows\System32\WindowsPowerShell\v1.0\;C:\Windows\System32\OpenSSH\;C:\Program Files (x86)\NVIDIA Corporation\PhysX\Common;C:\Program Files\NVIDIA Corporation\NVIDIA NvDLISR;C:\Program Files (x86)\Common Files\Oracle\Java\javapath;C:\Windows\system32;C:\Windows;C:\Windows\System32\Wbem;C:\Windows\System32\WindowsPowerShell\v1.0\;C:\Windows\System32\OpenSSH\;C:\Program Files (x86)\NVIDIA Corporation\PhysX\Common;C:\Program Files\NVIDIA Corporation\NVIDIA NvDLISR;C:\Users\eladp\AppData\Local\Microsoft\WindowsApps;;C:\Program Files\JetBrains\PyCharm Community Edition 2021.2.2\bin;;C:\Python39\Scripts
USERNAME=eladp
OS=Windows_NT
PROCESSOR_IDENTIFIER=Intel64 Family 6 Model 165 Stepping 3, GenuineIntel



---------------  S Y S T E M  ---------------

OS: Windows NT 6.2 Build 9200 

CPU:total 12 (8 cores per cpu, 2 threads per core) family 6 model 5 stepping 3, cmov, cx8, fxsr, mmx, sse, sse2, sse3, ssse3, ht

Memory: 4k page, physical 2097151k(2097151k free), swap 4194303k(4194303k free)

vm_info: Java HotSpot(TM) Client VM (1.6.0_03-b05) for windows-x86, built on Sep 24 2007 22:24:33 by "java_re" with unknown MS VC++:1310

